2019-08-09 10:54:59.760  INFO 19279 --- [restartedMain] com.Application                          : Starting Application on APPLEs-MacBook-Pro.local with PID 19279 (/Users/apple/Public/Gowtham/Testimonial-API/target/classes started by apple in /Users/apple/Public/Gowtham/Testimonial-API)
2019-08-09 10:54:59.777  INFO 19279 --- [restartedMain] com.Application                          : No active profile set, falling back to default profiles: default
2019-08-09 10:54:59.840  INFO 19279 --- [restartedMain] .e.DevToolsPropertyDefaultsPostProcessor : Devtools property defaults active! Set 'spring.devtools.add-properties' to 'false' to disable
2019-08-09 10:54:59.840  INFO 19279 --- [restartedMain] .e.DevToolsPropertyDefaultsPostProcessor : For additional web related logging consider setting the 'logging.level.web' property to 'DEBUG'
2019-08-09 10:55:00.484  INFO 19279 --- [restartedMain] .s.d.r.c.RepositoryConfigurationDelegate : Bootstrapping Spring Data repositories in DEFAULT mode.
2019-08-09 10:55:01.503  INFO 19279 --- [restartedMain] .s.d.r.c.RepositoryConfigurationDelegate : Finished Spring Data repository scanning in 1012ms. Found 0 repository interfaces.
2019-08-09 10:55:02.101  INFO 19279 --- [restartedMain] o.s.b.w.embedded.tomcat.TomcatWebServer  : Tomcat initialized with port(s): 8080 (http)
2019-08-09 10:55:02.135  INFO 19279 --- [restartedMain] o.apache.catalina.core.StandardService   : Starting service [Tomcat]
2019-08-09 10:55:02.135  INFO 19279 --- [restartedMain] org.apache.catalina.core.StandardEngine  : Starting Servlet engine: [Apache Tomcat/9.0.21]
2019-08-09 10:55:02.233  INFO 19279 --- [restartedMain] o.a.c.c.C.[Tomcat].[localhost].[/]       : Initializing Spring embedded WebApplicationContext
2019-08-09 10:55:02.235  INFO 19279 --- [restartedMain] o.s.web.context.ContextLoader            : Root WebApplicationContext: initialization completed in 2395 ms
2019-08-09 10:55:02.474  INFO 19279 --- [restartedMain] org.mongodb.driver.cluster               : Cluster created with settings {hosts=[localhost:27017], mode=SINGLE, requiredClusterType=UNKNOWN, serverSelectionTimeout='30000 ms', maxWaitQueueSize=500}
2019-08-09 10:55:02.532  INFO 19279 --- [cluster-ClusterId{value='5d4d03aef336f64b4f8f7160', description='null'}-localhost:27017] org.mongodb.driver.connection            : Opened connection [connectionId{localValue:1, serverValue:302}] to localhost:27017
2019-08-09 10:55:02.538  INFO 19279 --- [cluster-ClusterId{value='5d4d03aef336f64b4f8f7160', description='null'}-localhost:27017] org.mongodb.driver.cluster               : Monitor thread successfully connected to server with description ServerDescription{address=localhost:27017, type=STANDALONE, state=CONNECTED, ok=true, version=ServerVersion{versionList=[4, 0, 3]}, minWireVersion=0, maxWireVersion=7, maxDocumentSize=16777216, logicalSessionTimeoutMinutes=30, roundTripTimeNanos=3125763}
2019-08-09 10:55:02.864  INFO 19279 --- [restartedMain] o.s.b.d.a.OptionalLiveReloadServer       : LiveReload server is running on port 35729
2019-08-09 10:55:03.114  INFO 19279 --- [restartedMain] o.s.s.concurrent.ThreadPoolTaskExecutor  : Initializing ExecutorService 'applicationTaskExecutor'
2019-08-09 10:55:03.328  INFO 19279 --- [restartedMain] o.s.b.w.embedded.tomcat.TomcatWebServer  : Tomcat started on port(s): 8080 (http) with context path ''
2019-08-09 10:55:03.334  INFO 19279 --- [restartedMain] com.Application                          : Started Application in 3.998 seconds (JVM running for 4.488)
2019-08-09 10:55:03.337  INFO 19279 --- [restartedMain] c.p.v.controller.TestimonialsController  : Application Started successfully
2019-08-09 10:55:20.828  INFO 19279 --- [http-nio-8080-exec-1] o.a.c.c.C.[Tomcat].[localhost].[/]       : Initializing Spring DispatcherServlet 'dispatcherServlet'
2019-08-09 10:55:20.828  INFO 19279 --- [http-nio-8080-exec-1] o.s.web.servlet.DispatcherServlet        : Initializing Servlet 'dispatcherServlet'
2019-08-09 10:55:20.836  INFO 19279 --- [http-nio-8080-exec-1] o.s.web.servlet.DispatcherServlet        : Completed initialization in 7 ms
2019-08-09 10:55:20.879  INFO 19279 --- [http-nio-8080-exec-1] org.mongodb.driver.connection            : Opened connection [connectionId{localValue:2, serverValue:303}] to localhost:27017
2019-08-09 10:56:04.911  INFO 19279 --- [http-nio-8080-exec-3] com.pyt.veho.dao.TestimonialDAO          : GET : Testimonial found for the given Id 
2019-08-09 10:57:44.345  INFO 19279 --- [http-nio-8080-exec-5] com.pyt.veho.dao.TestimonialDAO          : POST : New Testimonial Saved successfully
2019-08-09 10:58:22.702  INFO 19279 --- [http-nio-8080-exec-7] com.pyt.veho.dao.TestimonialDAO          : PUT : Testimonial record found for given id
2019-08-09 10:58:22.748  INFO 19279 --- [http-nio-8080-exec-7] com.pyt.veho.dao.TestimonialDAO          : PUT : Testimonial updated succesfuully
2019-08-09 10:58:28.012  INFO 19279 --- [http-nio-8080-exec-8] com.pyt.veho.dao.TestimonialDAO          : GET : Testimonial found for the given Id 
2019-08-09 11:00:08.982  INFO 19279 --- [http-nio-8080-exec-1] com.pyt.veho.dao.TestimonialDAO          : DELETE : Testimonial record deleted successfully
2019-08-09 11:00:34.164  INFO 19279 --- [http-nio-8080-exec-3] com.pyt.veho.dao.TestimonialDAO          : DELETE : Testimonial record deleted successfully
2019-08-09 11:05:42.468  INFO 19279 --- [Thread-8] o.s.s.concurrent.ThreadPoolTaskExecutor  : Shutting down ExecutorService 'applicationTaskExecutor'
2019-08-09 11:05:42.469  INFO 19279 --- [Thread-8] org.mongodb.driver.connection            : Closed connection [connectionId{localValue:2, serverValue:303}] to localhost:27017 because the pool has been closed.
2019-08-09 11:05:52.375  INFO 19285 --- [restartedMain] com.Application                          : Starting Application on APPLEs-MacBook-Pro.local with PID 19285 (/Users/apple/Public/Gowtham/Testimonial-API/target/classes started by apple in /Users/apple/Public/Gowtham/Testimonial-API)
2019-08-09 11:05:52.378  INFO 19285 --- [restartedMain] com.Application                          : No active profile set, falling back to default profiles: default
2019-08-09 11:05:52.432  INFO 19285 --- [restartedMain] .e.DevToolsPropertyDefaultsPostProcessor : Devtools property defaults active! Set 'spring.devtools.add-properties' to 'false' to disable
2019-08-09 11:05:52.432  INFO 19285 --- [restartedMain] .e.DevToolsPropertyDefaultsPostProcessor : For additional web related logging consider setting the 'logging.level.web' property to 'DEBUG'
2019-08-09 11:05:52.924  INFO 19285 --- [restartedMain] .s.d.r.c.RepositoryConfigurationDelegate : Bootstrapping Spring Data repositories in DEFAULT mode.
2019-08-09 11:05:53.801  INFO 19285 --- [restartedMain] .s.d.r.c.RepositoryConfigurationDelegate : Finished Spring Data repository scanning in 872ms. Found 0 repository interfaces.
2019-08-09 11:05:54.334  INFO 19285 --- [restartedMain] o.s.b.w.embedded.tomcat.TomcatWebServer  : Tomcat initialized with port(s): 8080 (http)
2019-08-09 11:05:54.371  INFO 19285 --- [restartedMain] o.apache.catalina.core.StandardService   : Starting service [Tomcat]
2019-08-09 11:05:54.371  INFO 19285 --- [restartedMain] org.apache.catalina.core.StandardEngine  : Starting Servlet engine: [Apache Tomcat/9.0.21]
2019-08-09 11:05:54.457  INFO 19285 --- [restartedMain] o.a.c.c.C.[Tomcat].[localhost].[/]       : Initializing Spring embedded WebApplicationContext
2019-08-09 11:05:54.458  INFO 19285 --- [restartedMain] o.s.web.context.ContextLoader            : Root WebApplicationContext: initialization completed in 2025 ms
2019-08-09 11:05:54.701  INFO 19285 --- [restartedMain] org.mongodb.driver.cluster               : Cluster created with settings {hosts=[localhost:27017], mode=SINGLE, requiredClusterType=UNKNOWN, serverSelectionTimeout='30000 ms', maxWaitQueueSize=500}
2019-08-09 11:05:54.763  INFO 19285 --- [cluster-ClusterId{value='5d4d063af336f64b557f53a3', description='null'}-localhost:27017] org.mongodb.driver.connection            : Opened connection [connectionId{localValue:1, serverValue:304}] to localhost:27017
2019-08-09 11:05:54.769  INFO 19285 --- [cluster-ClusterId{value='5d4d063af336f64b557f53a3', description='null'}-localhost:27017] org.mongodb.driver.cluster               : Monitor thread successfully connected to server with description ServerDescription{address=localhost:27017, type=STANDALONE, state=CONNECTED, ok=true, version=ServerVersion{versionList=[4, 0, 3]}, minWireVersion=0, maxWireVersion=7, maxDocumentSize=16777216, logicalSessionTimeoutMinutes=30, roundTripTimeNanos=3255379}
2019-08-09 11:05:55.096  INFO 19285 --- [restartedMain] o.s.b.d.a.OptionalLiveReloadServer       : LiveReload server is running on port 35729
2019-08-09 11:05:55.325  INFO 19285 --- [restartedMain] o.s.s.concurrent.ThreadPoolTaskExecutor  : Initializing ExecutorService 'applicationTaskExecutor'
2019-08-09 11:05:55.529  INFO 19285 --- [restartedMain] o.s.b.w.embedded.tomcat.TomcatWebServer  : Tomcat started on port(s): 8080 (http) with context path ''
2019-08-09 11:05:55.535  INFO 19285 --- [restartedMain] com.Application                          : Started Application in 3.501 seconds (JVM running for 3.937)
2019-08-09 11:05:55.537  INFO 19285 --- [restartedMain] c.p.v.controller.TestimonialsController  : Application Started successfully
2019-08-09 11:06:02.138  INFO 19285 --- [http-nio-8080-exec-1] o.a.c.c.C.[Tomcat].[localhost].[/]       : Initializing Spring DispatcherServlet 'dispatcherServlet'
2019-08-09 11:06:02.139  INFO 19285 --- [http-nio-8080-exec-1] o.s.web.servlet.DispatcherServlet        : Initializing Servlet 'dispatcherServlet'
2019-08-09 11:06:02.150  INFO 19285 --- [http-nio-8080-exec-1] o.s.web.servlet.DispatcherServlet        : Completed initialization in 11 ms
2019-08-09 11:06:02.196  INFO 19285 --- [http-nio-8080-exec-1] org.mongodb.driver.connection            : Opened connection [connectionId{localValue:2, serverValue:305}] to localhost:27017
2019-08-09 11:06:37.238  INFO 19285 --- [http-nio-8080-exec-4] com.pyt.veho.dao.TestimonialDAO          : DELETE : Testimonial record deleted successfully
